{"obj": {"type": "AssignString", "path": ["sys", "name"], "value": "Untitled"}, "version": 1}
{"obj": {"type": "AssignString", "path": ["sys", "description"], "value": ""}, "version": 2}
{"obj": {"type": "AssignString", "path": ["sys", "hostname"], "value": "maple2"}, "version": 3}
{"obj": {"type": "AssignBool", "path": ["sys", "failed"], "value": false}, "version": 4}
{"obj": {"type": "ClearStringLog", "path": ["monitoring", "stdout"]}, "version": 5}
{"obj": {"type": "ClearStringLog", "path": ["monitoring", "stderr"]}, "version": 6}
{"obj": {"type": "AssignString", "path": ["source_code", "entrypoint"], "value": "train_base_init_network_from_scratch.py"}, "version": 7}
{"obj": {"type": "UploadFileSet", "path": ["source_code", "files"], "file_globs": ["/home/bidur/REMIND/image_classification_experiments/train_base_init_network_from_scratch.py"], "reset": "False"}, "version": 8}
{"obj": {"type": "ConfigFloatSeries", "path": ["monitoring", "cpu"], "min": 0.0, "max": 100.0, "unit": "%"}, "version": 9}
{"obj": {"type": "ClearFloatLog", "path": ["monitoring", "cpu"]}, "version": 10}
{"obj": {"type": "ConfigFloatSeries", "path": ["monitoring", "memory"], "min": 0.0, "max": 125.75196075439453, "unit": "GB"}, "version": 11}
{"obj": {"type": "ClearFloatLog", "path": ["monitoring", "memory"]}, "version": 12}
{"obj": {"type": "ConfigFloatSeries", "path": ["monitoring", "gpu_0"], "min": 0.0, "max": 100.0, "unit": "%"}, "version": 13}
{"obj": {"type": "ClearFloatLog", "path": ["monitoring", "gpu_0"]}, "version": 14}
{"obj": {"type": "ConfigFloatSeries", "path": ["monitoring", "gpu_1"], "min": 0.0, "max": 100.0, "unit": "%"}, "version": 15}
{"obj": {"type": "ClearFloatLog", "path": ["monitoring", "gpu_1"]}, "version": 16}
{"obj": {"type": "ConfigFloatSeries", "path": ["monitoring", "gpu_2"], "min": 0.0, "max": 100.0, "unit": "%"}, "version": 17}
{"obj": {"type": "ClearFloatLog", "path": ["monitoring", "gpu_2"]}, "version": 18}
{"obj": {"type": "ConfigFloatSeries", "path": ["monitoring", "gpu_3"], "min": 0.0, "max": 100.0, "unit": "%"}, "version": 19}
{"obj": {"type": "ClearFloatLog", "path": ["monitoring", "gpu_3"]}, "version": 20}
{"obj": {"type": "ConfigFloatSeries", "path": ["monitoring", "gpu_memory_0"], "min": 0.0, "max": 11.92657470703125, "unit": "GB"}, "version": 21}
{"obj": {"type": "ClearFloatLog", "path": ["monitoring", "gpu_memory_0"]}, "version": 22}
{"obj": {"type": "ConfigFloatSeries", "path": ["monitoring", "gpu_memory_1"], "min": 0.0, "max": 11.92657470703125, "unit": "GB"}, "version": 23}
{"obj": {"type": "ClearFloatLog", "path": ["monitoring", "gpu_memory_1"]}, "version": 24}
{"obj": {"type": "ConfigFloatSeries", "path": ["monitoring", "gpu_memory_2"], "min": 0.0, "max": 11.92657470703125, "unit": "GB"}, "version": 25}
{"obj": {"type": "ClearFloatLog", "path": ["monitoring", "gpu_memory_2"]}, "version": 26}
{"obj": {"type": "ConfigFloatSeries", "path": ["monitoring", "gpu_memory_3"], "min": 0.0, "max": 11.92657470703125, "unit": "GB"}, "version": 27}
{"obj": {"type": "ClearFloatLog", "path": ["monitoring", "gpu_memory_3"]}, "version": 28}
{"obj": {"type": "LogFloats", "path": ["monitoring", "cpu"], "values": [{"value": 100.0, "step": null, "ts": 1626915914.849082}]}, "version": 29}
{"obj": {"type": "LogFloats", "path": ["monitoring", "memory"], "values": [{"value": 47.35231018066406, "step": null, "ts": 1626915914.849082}]}, "version": 30}
{"obj": {"type": "LogFloats", "path": ["monitoring", "gpu_0"], "values": [{"value": 78.0, "step": null, "ts": 1626915914.849082}]}, "version": 31}
{"obj": {"type": "LogFloats", "path": ["monitoring", "gpu_1"], "values": [{"value": 95.0, "step": null, "ts": 1626915914.849082}]}, "version": 32}
{"obj": {"type": "LogFloats", "path": ["monitoring", "gpu_2"], "values": [{"value": 75.0, "step": null, "ts": 1626915914.849082}]}, "version": 33}
{"obj": {"type": "LogFloats", "path": ["monitoring", "gpu_3"], "values": [{"value": 57.0, "step": null, "ts": 1626915914.849082}]}, "version": 34}
{"obj": {"type": "LogFloats", "path": ["monitoring", "gpu_memory_0"], "values": [{"value": 8.2796630859375, "step": null, "ts": 1626915914.849082}]}, "version": 35}
{"obj": {"type": "LogFloats", "path": ["monitoring", "gpu_memory_1"], "values": [{"value": 8.2796630859375, "step": null, "ts": 1626915914.849082}]}, "version": 36}
{"obj": {"type": "LogFloats", "path": ["monitoring", "gpu_memory_2"], "values": [{"value": 8.2796630859375, "step": null, "ts": 1626915914.849082}]}, "version": 37}
{"obj": {"type": "LogFloats", "path": ["monitoring", "gpu_memory_3"], "values": [{"value": 8.2796630859375, "step": null, "ts": 1626915914.849082}]}, "version": 38}
{"obj": {"type": "LogStrings", "path": ["monitoring", "stdout"], "values": [{"value": "", "step": null, "ts": 1626915914.865205}]}, "version": 39}
{"obj": {"type": "LogStrings", "path": ["monitoring", "stdout"], "values": [{"value": "https://app.neptune.ai/bidur/CenterLoss/e/CEN-1\n", "step": null, "ts": 1626915914.865544}]}, "version": 40}
{"obj": {"type": "LogStrings", "path": ["monitoring", "stdout"], "values": [{"value": "{'data': '/home/bidur/datasets/ImageNet2012/', 'arch': 'ResNet18_CenterLoss', 'ckpt_file': 'ResNet18ClassifyAfterLayer4_1', 'save_dir': 'resnet_imagenet_ckpts', 'base_max_class': 10, 'alpha': 1.0, 'labels_dir': 'imagenet_files', 'center_loss': False, 'workers': 8, 'epochs': 40, 'start_epoch': 0, 'batch_size': 256, 'lr': 0.1, 'lr_center_loss': 0.5, 'momentum': 0.9, 'weight_decay': 0.0001, 'print_freq': 10, 'resume': '', 'evaluate': False, 'world_size': -1, 'rank': -1, 'dist_url': 'tcp://224.66.41.62:23456', 'dist_backend': 'nccl', 'seed': 0, 'gpu': 0, 'multiprocessing_distributed': False}", "step": null, "ts": 1626915914.8662639}]}, "version": 41}
{"obj": {"type": "LogStrings", "path": ["monitoring", "stdout"], "values": [{"value": "\n", "step": null, "ts": 1626915914.8664384}]}, "version": 42}
{"obj": {"type": "AssignInt", "path": ["parameters", "base_max_class"], "value": 10}, "version": 43}
{"obj": {"type": "AssignString", "path": ["parameters", "optimizer"], "value": "SGD"}, "version": 44}
{"obj": {"type": "AssignFloat", "path": ["parameters", "momentum"], "value": 0.9}, "version": 45}
{"obj": {"type": "AssignInt", "path": ["parameters", "seed"], "value": 0}, "version": 46}
{"obj": {"type": "AssignInt", "path": ["parameters", "epochs"], "value": 40}, "version": 47}
{"obj": {"type": "AssignBool", "path": ["parameters", "multiprocessing-distributed"], "value": false}, "version": 48}
{"obj": {"type": "AssignFloat", "path": ["parameters", "model-learning-rate"], "value": 0.1}, "version": 49}
{"obj": {"type": "AssignBool", "path": ["parameters", "center-loss"], "value": false}, "version": 50}
{"obj": {"type": "AssignFloat", "path": ["parameters", "alpa"], "value": 1.0}, "version": 51}
{"obj": {"type": "LogStrings", "path": ["monitoring", "stderr"], "values": [{"value": "train_base_init_network_from_scratch.py:95: UserWarning: You have chosen to seed training. This will turn on the CUDNN deterministic setting, which can slow down your training considerably! You may see unexpected behavior when restarting from checkpoints.\n  warnings.warn('You have chosen to seed training. '\n", "step": null, "ts": 1626915914.9212987}]}, "version": 52}
{"obj": {"type": "LogStrings", "path": ["monitoring", "stderr"], "values": [{"value": "train_base_init_network_from_scratch.py:102: UserWarning: You have chosen a specific GPU. This will completely disable data parallelism.\n  warnings.warn('You have chosen a specific GPU. This will completely '\n", "step": null, "ts": 1626915914.921615}]}, "version": 53}
{"obj": {"type": "LogStrings", "path": ["monitoring", "stdout"], "values": [{"value": "Use GPU: 0 for training", "step": null, "ts": 1626915914.993143}]}, "version": 54}
{"obj": {"type": "LogStrings", "path": ["monitoring", "stdout"], "values": [{"value": "\n", "step": null, "ts": 1626915914.9934137}]}, "version": 55}
{"obj": {"type": "LogStrings", "path": ["monitoring", "stdout"], "values": [{"value": "\nloading the data...", "step": null, "ts": 1626915921.3593001}]}, "version": 56}
{"obj": {"type": "LogStrings", "path": ["monitoring", "stdout"], "values": [{"value": "\n", "step": null, "ts": 1626915921.3594902}]}, "version": 57}
{"obj": {"type": "LogStrings", "path": ["monitoring", "traceback"], "values": [{"value": "An uncaught exception occurred while run was active on worker maple2.", "step": null, "ts": 1626915921.3601437}, {"value": "Making run as failed", "step": null, "ts": 1626915921.3601437}, {"value": "Traceback:", "step": null, "ts": 1626915921.3601437}, {"value": "  File \"train_base_init_network_from_scratch.py\", line 450, in <module>\n    main()\n", "step": null, "ts": 1626915921.3601437}, {"value": "  File \"train_base_init_network_from_scratch.py\", line 120, in main\n    main_worker(args.gpu, ngpus_per_node, args)\n", "step": null, "ts": 1626915921.3601437}, {"value": "  File \"train_base_init_network_from_scratch.py\", line 222, in main_worker\n    normalize,\n", "step": null, "ts": 1626915921.3601437}, {"value": "  File \"/home/bidur/miniconda3/envs/deeplearning-pytorch/lib/python3.7/site-packages/torchvision/datasets/folder.py\", line 229, in __init__\n    is_valid_file=is_valid_file)\n", "step": null, "ts": 1626915921.3601437}, {"value": "  File \"/home/bidur/miniconda3/envs/deeplearning-pytorch/lib/python3.7/site-packages/torchvision/datasets/folder.py\", line 108, in __init__\n    classes, class_to_idx = self._find_classes(self.root)\n", "step": null, "ts": 1626915921.3601437}, {"value": "  File \"/home/bidur/miniconda3/envs/deeplearning-pytorch/lib/python3.7/site-packages/torchvision/datasets/folder.py\", line 137, in _find_classes\n    classes = [d.name for d in os.scandir(dir) if d.is_dir()]\n", "step": null, "ts": 1626915921.3601437}, {"value": "FileNotFoundError(2, 'No such file or directory')", "step": null, "ts": 1626915921.3601437}]}, "version": 58}
{"obj": {"type": "AssignBool", "path": ["sys", "failed"], "value": true}, "version": 59}
{"obj": {"type": "LogStrings", "path": ["monitoring", "stderr"], "values": [{"value": "Traceback (most recent call last):\n", "step": null, "ts": 1626915921.360405}]}, "version": 60}
{"obj": {"type": "LogStrings", "path": ["monitoring", "stderr"], "values": [{"value": "  File \"train_base_init_network_from_scratch.py\", line 450, in <module>\n", "step": null, "ts": 1626915921.3605063}]}, "version": 61}
{"obj": {"type": "LogStrings", "path": ["monitoring", "stderr"], "values": [{"value": "    ", "step": null, "ts": 1626915921.3607457}]}, "version": 62}
{"obj": {"type": "LogStrings", "path": ["monitoring", "stderr"], "values": [{"value": "main()", "step": null, "ts": 1626915921.360853}]}, "version": 63}
{"obj": {"type": "LogStrings", "path": ["monitoring", "stderr"], "values": [{"value": "\n", "step": null, "ts": 1626915921.3609915}]}, "version": 64}
{"obj": {"type": "LogStrings", "path": ["monitoring", "stderr"], "values": [{"value": "  File \"train_base_init_network_from_scratch.py\", line 120, in main\n", "step": null, "ts": 1626915921.361093}]}, "version": 65}
{"obj": {"type": "LogStrings", "path": ["monitoring", "stderr"], "values": [{"value": "    ", "step": null, "ts": 1626915921.3612523}]}, "version": 66}
{"obj": {"type": "LogStrings", "path": ["monitoring", "stderr"], "values": [{"value": "main_worker(args.gpu, ngpus_per_node, args)", "step": null, "ts": 1626915921.3613517}]}, "version": 67}
{"obj": {"type": "LogStrings", "path": ["monitoring", "stderr"], "values": [{"value": "\n", "step": null, "ts": 1626915921.3614528}]}, "version": 68}
{"obj": {"type": "LogStrings", "path": ["monitoring", "stderr"], "values": [{"value": "  File \"train_base_init_network_from_scratch.py\", line 222, in main_worker\n", "step": null, "ts": 1626915921.3615572}]}, "version": 69}
{"obj": {"type": "LogStrings", "path": ["monitoring", "stderr"], "values": [{"value": "    ", "step": null, "ts": 1626915921.3617382}]}, "version": 70}
{"obj": {"type": "LogStrings", "path": ["monitoring", "stderr"], "values": [{"value": "normalize,", "step": null, "ts": 1626915921.3618317}]}, "version": 71}
{"obj": {"type": "LogStrings", "path": ["monitoring", "stderr"], "values": [{"value": "\n", "step": null, "ts": 1626915921.3619337}]}, "version": 72}
{"obj": {"type": "LogStrings", "path": ["monitoring", "stderr"], "values": [{"value": "  File \"/home/bidur/miniconda3/envs/deeplearning-pytorch/lib/python3.7/site-packages/torchvision/datasets/folder.py\", line 229, in __init__\n", "step": null, "ts": 1626915921.3620336}]}, "version": 73}
{"obj": {"type": "LogStrings", "path": ["monitoring", "stderr"], "values": [{"value": "    ", "step": null, "ts": 1626915921.3622303}]}, "version": 74}
{"obj": {"type": "LogStrings", "path": ["monitoring", "stderr"], "values": [{"value": "is_valid_file=is_valid_file)", "step": null, "ts": 1626915921.3623195}]}, "version": 75}
{"obj": {"type": "LogStrings", "path": ["monitoring", "stderr"], "values": [{"value": "\n", "step": null, "ts": 1626915921.3624163}]}, "version": 76}
{"obj": {"type": "LogStrings", "path": ["monitoring", "stderr"], "values": [{"value": "  File \"/home/bidur/miniconda3/envs/deeplearning-pytorch/lib/python3.7/site-packages/torchvision/datasets/folder.py\", line 108, in __init__\n", "step": null, "ts": 1626915921.3625157}]}, "version": 77}
{"obj": {"type": "LogStrings", "path": ["monitoring", "stderr"], "values": [{"value": "    ", "step": null, "ts": 1626915921.3626697}]}, "version": 78}
{"obj": {"type": "LogStrings", "path": ["monitoring", "stderr"], "values": [{"value": "classes, class_to_idx = self._find_classes(self.root)", "step": null, "ts": 1626915921.3627572}]}, "version": 79}
{"obj": {"type": "LogStrings", "path": ["monitoring", "stderr"], "values": [{"value": "\n", "step": null, "ts": 1626915921.3628516}]}, "version": 80}
{"obj": {"type": "LogStrings", "path": ["monitoring", "stderr"], "values": [{"value": "  File \"/home/bidur/miniconda3/envs/deeplearning-pytorch/lib/python3.7/site-packages/torchvision/datasets/folder.py\", line 137, in _find_classes\n", "step": null, "ts": 1626915921.3629463}]}, "version": 81}
{"obj": {"type": "LogStrings", "path": ["monitoring", "stderr"], "values": [{"value": "    ", "step": null, "ts": 1626915921.3630996}]}, "version": 82}
{"obj": {"type": "LogStrings", "path": ["monitoring", "stderr"], "values": [{"value": "classes = [d.name for d in os.scandir(dir) if d.is_dir()]", "step": null, "ts": 1626915921.3631918}]}, "version": 83}
{"obj": {"type": "LogStrings", "path": ["monitoring", "stderr"], "values": [{"value": "\n", "step": null, "ts": 1626915921.3632903}]}, "version": 84}
{"obj": {"type": "LogStrings", "path": ["monitoring", "stderr"], "values": [{"value": "FileNotFoundError", "step": null, "ts": 1626915921.3633933}]}, "version": 85}
{"obj": {"type": "LogStrings", "path": ["monitoring", "stderr"], "values": [{"value": ": ", "step": null, "ts": 1626915921.3634741}]}, "version": 86}
{"obj": {"type": "LogStrings", "path": ["monitoring", "stderr"], "values": [{"value": "[Errno 2] No such file or directory: '/home/bidur/datasets/ImageNet2012/train'", "step": null, "ts": 1626915921.3635528}]}, "version": 87}
{"obj": {"type": "LogStrings", "path": ["monitoring", "stderr"], "values": [{"value": "\n", "step": null, "ts": 1626915921.363648}]}, "version": 88}
