{"obj": {"type": "AssignString", "path": ["sys", "name"], "value": "Untitled"}, "version": 1}
{"obj": {"type": "AssignString", "path": ["sys", "description"], "value": ""}, "version": 2}
{"obj": {"type": "AssignString", "path": ["sys", "hostname"], "value": "robik"}, "version": 3}
{"obj": {"type": "AssignBool", "path": ["sys", "failed"], "value": false}, "version": 4}
{"obj": {"type": "ClearStringLog", "path": ["monitoring", "stdout"]}, "version": 5}
{"obj": {"type": "ClearStringLog", "path": ["monitoring", "stderr"]}, "version": 6}
{"obj": {"type": "AssignString", "path": ["source_code", "entrypoint"], "value": "train_base_init_network_from_scratch.py"}, "version": 7}
{"obj": {"type": "UploadFileSet", "path": ["source_code", "files"], "file_globs": ["/home/bidur/REMIND/image_classification_experiments/train_base_init_network_from_scratch.py"], "reset": "False"}, "version": 8}
{"obj": {"type": "LogStrings", "path": ["monitoring", "stderr"], "values": [{"value": "psutil is not installed. Hardware metrics will not be collected.\n", "step": null, "ts": 1626916283.9698274}]}, "version": 9}
{"obj": {"type": "LogStrings", "path": ["monitoring", "stdout"], "values": [{"value": "", "step": null, "ts": 1626916283.9730144}]}, "version": 10}
{"obj": {"type": "LogStrings", "path": ["monitoring", "stdout"], "values": [{"value": "https://app.neptune.ai/bidur/CenterLoss/e/CEN-3\n", "step": null, "ts": 1626916283.9731662}]}, "version": 11}
{"obj": {"type": "LogStrings", "path": ["monitoring", "stdout"], "values": [{"value": "{'data': '/home/bidur/datasets/ImageNet2012', 'arch': 'ResNet18_CenterLoss', 'ckpt_file': 'ResNet18ClassifyAfterLayer4_1', 'save_dir': 'resnet_imagenet_ckpts', 'base_max_class': 10, 'alpha': 1.0, 'labels_dir': 'imagenet_files', 'center_loss': False, 'workers': 8, 'epochs': 40, 'start_epoch': 0, 'batch_size': 256, 'lr': 0.1, 'lr_center_loss': 0.5, 'momentum': 0.9, 'weight_decay': 0.0001, 'print_freq': 10, 'resume': '', 'evaluate': False, 'world_size': -1, 'rank': -1, 'dist_url': 'tcp://224.66.41.62:23456', 'dist_backend': 'nccl', 'seed': 0, 'gpu': 0, 'multiprocessing_distributed': False}", "step": null, "ts": 1626916283.9735446}]}, "version": 12}
{"obj": {"type": "LogStrings", "path": ["monitoring", "stdout"], "values": [{"value": "\n", "step": null, "ts": 1626916283.9737296}]}, "version": 13}
{"obj": {"type": "AssignInt", "path": ["parameters", "base_max_class"], "value": 10}, "version": 14}
{"obj": {"type": "AssignString", "path": ["parameters", "optimizer"], "value": "SGD"}, "version": 15}
{"obj": {"type": "AssignFloat", "path": ["parameters", "momentum"], "value": 0.9}, "version": 16}
{"obj": {"type": "AssignInt", "path": ["parameters", "seed"], "value": 0}, "version": 17}
{"obj": {"type": "AssignInt", "path": ["parameters", "epochs"], "value": 40}, "version": 18}
{"obj": {"type": "AssignBool", "path": ["parameters", "multiprocessing-distributed"], "value": false}, "version": 19}
{"obj": {"type": "AssignFloat", "path": ["parameters", "model-learning-rate"], "value": 0.1}, "version": 20}
{"obj": {"type": "AssignBool", "path": ["parameters", "center-loss"], "value": false}, "version": 21}
{"obj": {"type": "AssignFloat", "path": ["parameters", "alpa"], "value": 1.0}, "version": 22}
{"obj": {"type": "LogStrings", "path": ["monitoring", "stderr"], "values": [{"value": "train_base_init_network_from_scratch.py:95: UserWarning: You have chosen to seed training. This will turn on the CUDNN deterministic setting, which can slow down your training considerably! You may see unexpected behavior when restarting from checkpoints.\n  warnings.warn('You have chosen to seed training. '\n", "step": null, "ts": 1626916283.9943733}]}, "version": 23}
{"obj": {"type": "LogStrings", "path": ["monitoring", "stderr"], "values": [{"value": "train_base_init_network_from_scratch.py:102: UserWarning: You have chosen a specific GPU. This will completely disable data parallelism.\n  warnings.warn('You have chosen a specific GPU. This will completely '\n", "step": null, "ts": 1626916283.994748}]}, "version": 24}
{"obj": {"type": "LogStrings", "path": ["monitoring", "stdout"], "values": [{"value": "Use GPU: 0 for training", "step": null, "ts": 1626916284.1670897}]}, "version": 25}
{"obj": {"type": "LogStrings", "path": ["monitoring", "stdout"], "values": [{"value": "\n", "step": null, "ts": 1626916284.1686234}]}, "version": 26}
{"obj": {"type": "LogStrings", "path": ["monitoring", "stdout"], "values": [{"value": "\nloading the data...", "step": null, "ts": 1626916295.5478437}]}, "version": 27}
{"obj": {"type": "LogStrings", "path": ["monitoring", "stdout"], "values": [{"value": "\n", "step": null, "ts": 1626916295.5480208}]}, "version": 28}
{"obj": {"type": "LogStrings", "path": ["monitoring", "traceback"], "values": [{"value": "An uncaught exception occurred while run was active on worker robik.", "step": null, "ts": 1626916312.704978}, {"value": "Making run as failed", "step": null, "ts": 1626916312.704978}, {"value": "Traceback:", "step": null, "ts": 1626916312.704978}, {"value": "  File \"train_base_init_network_from_scratch.py\", line 450, in <module>\n    main()\n", "step": null, "ts": 1626916312.704978}, {"value": "  File \"train_base_init_network_from_scratch.py\", line 120, in main\n    main_worker(args.gpu, ngpus_per_node, args)\n", "step": null, "ts": 1626916312.704978}, {"value": "  File \"train_base_init_network_from_scratch.py\", line 216, in main_worker\n    train_dataset = datasets.ImageFolder(\n", "step": null, "ts": 1626916312.704978}, {"value": "  File \"/home/bidur/miniconda3/envs/deeplearning-pytorch/lib/python3.8/site-packages/torchvision/datasets/folder.py\", line 226, in __init__\n    super(ImageFolder, self).__init__(root, loader, IMG_EXTENSIONS if is_valid_file is None else None,\n", "step": null, "ts": 1626916312.704978}, {"value": "  File \"/home/bidur/miniconda3/envs/deeplearning-pytorch/lib/python3.8/site-packages/torchvision/datasets/folder.py\", line 109, in __init__\n    samples = make_dataset(self.root, class_to_idx, extensions, is_valid_file)\n", "step": null, "ts": 1626916312.704978}, {"value": "  File \"/home/bidur/miniconda3/envs/deeplearning-pytorch/lib/python3.8/site-packages/torchvision/datasets/folder.py\", line 56, in make_dataset\n    for root, _, fnames in sorted(os.walk(target_dir, followlinks=True)):\n", "step": null, "ts": 1626916312.704978}, {"value": "  File \"/home/bidur/miniconda3/envs/deeplearning-pytorch/lib/python3.8/os.py\", line 362, in walk\n    entry = next(scandir_it)\n", "step": null, "ts": 1626916312.704978}, {"value": "KeyboardInterrupt()", "step": null, "ts": 1626916312.704978}]}, "version": 29}
{"obj": {"type": "AssignBool", "path": ["sys", "failed"], "value": true}, "version": 30}
{"obj": {"type": "LogStrings", "path": ["monitoring", "stderr"], "values": [{"value": "Traceback (most recent call last):\n", "step": null, "ts": 1626916312.705982}]}, "version": 31}
{"obj": {"type": "LogStrings", "path": ["monitoring", "stderr"], "values": [{"value": "  File \"train_base_init_network_from_scratch.py\", line 450, in <module>\n", "step": null, "ts": 1626916312.7064166}]}, "version": 32}
{"obj": {"type": "LogStrings", "path": ["monitoring", "stderr"], "values": [{"value": "    ", "step": null, "ts": 1626916312.707342}]}, "version": 33}
{"obj": {"type": "LogStrings", "path": ["monitoring", "stderr"], "values": [{"value": "main()", "step": null, "ts": 1626916312.7078257}]}, "version": 34}
{"obj": {"type": "LogStrings", "path": ["monitoring", "stderr"], "values": [{"value": "\n", "step": null, "ts": 1626916312.708336}]}, "version": 35}
{"obj": {"type": "LogStrings", "path": ["monitoring", "stderr"], "values": [{"value": "  File \"train_base_init_network_from_scratch.py\", line 120, in main\n", "step": null, "ts": 1626916312.7088954}]}, "version": 36}
{"obj": {"type": "LogStrings", "path": ["monitoring", "stderr"], "values": [{"value": "    ", "step": null, "ts": 1626916312.7097514}]}, "version": 37}
{"obj": {"type": "LogStrings", "path": ["monitoring", "stderr"], "values": [{"value": "main_worker(args.gpu, ngpus_per_node, args)", "step": null, "ts": 1626916312.7102315}]}, "version": 38}
{"obj": {"type": "LogStrings", "path": ["monitoring", "stderr"], "values": [{"value": "\n", "step": null, "ts": 1626916312.710679}]}, "version": 39}
{"obj": {"type": "LogStrings", "path": ["monitoring", "stderr"], "values": [{"value": "  File \"train_base_init_network_from_scratch.py\", line 216, in main_worker\n", "step": null, "ts": 1626916312.7110028}]}, "version": 40}
{"obj": {"type": "LogStrings", "path": ["monitoring", "stderr"], "values": [{"value": "    ", "step": null, "ts": 1626916312.7119553}]}, "version": 41}
{"obj": {"type": "LogStrings", "path": ["monitoring", "stderr"], "values": [{"value": "train_dataset = datasets.ImageFolder(", "step": null, "ts": 1626916312.7124755}]}, "version": 42}
{"obj": {"type": "LogStrings", "path": ["monitoring", "stderr"], "values": [{"value": "\n", "step": null, "ts": 1626916312.7128377}]}, "version": 43}
{"obj": {"type": "LogStrings", "path": ["monitoring", "stderr"], "values": [{"value": "  File \"/home/bidur/miniconda3/envs/deeplearning-pytorch/lib/python3.8/site-packages/torchvision/datasets/folder.py\", line 226, in __init__\n", "step": null, "ts": 1626916312.7131674}]}, "version": 44}
{"obj": {"type": "LogStrings", "path": ["monitoring", "stderr"], "values": [{"value": "    ", "step": null, "ts": 1626916312.714103}]}, "version": 45}
{"obj": {"type": "LogStrings", "path": ["monitoring", "stderr"], "values": [{"value": "super(ImageFolder, self).__init__(root, loader, IMG_EXTENSIONS if is_valid_file is None else None,", "step": null, "ts": 1626916312.7145777}]}, "version": 46}
{"obj": {"type": "LogStrings", "path": ["monitoring", "stderr"], "values": [{"value": "\n", "step": null, "ts": 1626916312.7149074}]}, "version": 47}
{"obj": {"type": "LogStrings", "path": ["monitoring", "stderr"], "values": [{"value": "  File \"/home/bidur/miniconda3/envs/deeplearning-pytorch/lib/python3.8/site-packages/torchvision/datasets/folder.py\", line 109, in __init__\n", "step": null, "ts": 1626916312.7152083}]}, "version": 48}
{"obj": {"type": "LogStrings", "path": ["monitoring", "stderr"], "values": [{"value": "    ", "step": null, "ts": 1626916312.7160008}]}, "version": 49}
{"obj": {"type": "LogStrings", "path": ["monitoring", "stderr"], "values": [{"value": "samples = make_dataset(self.root, class_to_idx, extensions, is_valid_file)", "step": null, "ts": 1626916312.7164836}]}, "version": 50}
{"obj": {"type": "LogStrings", "path": ["monitoring", "stderr"], "values": [{"value": "\n", "step": null, "ts": 1626916312.716938}]}, "version": 51}
{"obj": {"type": "LogStrings", "path": ["monitoring", "stderr"], "values": [{"value": "  File \"/home/bidur/miniconda3/envs/deeplearning-pytorch/lib/python3.8/site-packages/torchvision/datasets/folder.py\", line 56, in make_dataset\n", "step": null, "ts": 1626916312.7174208}]}, "version": 52}
{"obj": {"type": "LogStrings", "path": ["monitoring", "stderr"], "values": [{"value": "    ", "step": null, "ts": 1626916312.7181597}]}, "version": 53}
{"obj": {"type": "LogStrings", "path": ["monitoring", "stderr"], "values": [{"value": "for root, _, fnames in sorted(os.walk(target_dir, followlinks=True)):", "step": null, "ts": 1626916312.718526}]}, "version": 54}
{"obj": {"type": "LogStrings", "path": ["monitoring", "stderr"], "values": [{"value": "\n", "step": null, "ts": 1626916312.7188857}]}, "version": 55}
{"obj": {"type": "LogStrings", "path": ["monitoring", "stderr"], "values": [{"value": "  File \"/home/bidur/miniconda3/envs/deeplearning-pytorch/lib/python3.8/os.py\", line 362, in walk\n", "step": null, "ts": 1626916312.7193935}]}, "version": 56}
{"obj": {"type": "LogStrings", "path": ["monitoring", "stderr"], "values": [{"value": "    ", "step": null, "ts": 1626916312.7203996}]}, "version": 57}
{"obj": {"type": "LogStrings", "path": ["monitoring", "stderr"], "values": [{"value": "entry = next(scandir_it)", "step": null, "ts": 1626916312.7208085}]}, "version": 58}
{"obj": {"type": "LogStrings", "path": ["monitoring", "stderr"], "values": [{"value": "\n", "step": null, "ts": 1626916312.7211967}]}, "version": 59}
{"obj": {"type": "LogStrings", "path": ["monitoring", "stderr"], "values": [{"value": "KeyboardInterrupt", "step": null, "ts": 1626916312.7215142}]}, "version": 60}
{"obj": {"type": "LogStrings", "path": ["monitoring", "stderr"], "values": [{"value": "", "step": null, "ts": 1626916312.7217808}]}, "version": 61}
{"obj": {"type": "LogStrings", "path": ["monitoring", "stderr"], "values": [{"value": "\n", "step": null, "ts": 1626916312.722122}]}, "version": 62}
