{"obj": {"type": "AssignString", "path": ["sys", "name"], "value": "Untitled"}, "version": 1}
{"obj": {"type": "AssignString", "path": ["sys", "description"], "value": ""}, "version": 2}
{"obj": {"type": "AssignString", "path": ["sys", "hostname"], "value": "robik"}, "version": 3}
{"obj": {"type": "AssignBool", "path": ["sys", "failed"], "value": false}, "version": 4}
{"obj": {"type": "ClearStringLog", "path": ["monitoring", "stdout"]}, "version": 5}
{"obj": {"type": "ClearStringLog", "path": ["monitoring", "stderr"]}, "version": 6}
{"obj": {"type": "AssignString", "path": ["source_code", "entrypoint"], "value": "train_base_init_network_from_scratch.py"}, "version": 7}
{"obj": {"type": "UploadFileSet", "path": ["source_code", "files"], "file_globs": ["/home/bidur/REMIND/image_classification_experiments/train_base_init_network_from_scratch.py"], "reset": "False"}, "version": 8}
{"obj": {"type": "LogStrings", "path": ["monitoring", "stderr"], "values": [{"value": "psutil is not installed. Hardware metrics will not be collected.\n", "step": null, "ts": 1626916342.6226327}]}, "version": 9}
{"obj": {"type": "LogStrings", "path": ["monitoring", "stdout"], "values": [{"value": "", "step": null, "ts": 1626916342.6262221}]}, "version": 10}
{"obj": {"type": "LogStrings", "path": ["monitoring", "stdout"], "values": [{"value": "https://app.neptune.ai/bidur/CenterLoss/e/CEN-4\n", "step": null, "ts": 1626916342.6265254}]}, "version": 11}
{"obj": {"type": "LogStrings", "path": ["monitoring", "stdout"], "values": [{"value": "{'data': '/home/bidur/datasets/ImageNet2012', 'arch': 'ResNet18_CenterLoss', 'ckpt_file': 'ResNet18ClassifyAfterLayer4_1', 'save_dir': 'resnet_imagenet_ckpts', 'base_max_class': 10, 'alpha': 1.0, 'labels_dir': 'imagenet_files', 'center_loss': True, 'workers': 8, 'epochs': 40, 'start_epoch': 0, 'batch_size': 256, 'lr': 0.1, 'lr_center_loss': 0.5, 'momentum': 0.9, 'weight_decay': 0.0001, 'print_freq': 10, 'resume': '', 'evaluate': False, 'world_size': -1, 'rank': -1, 'dist_url': 'tcp://224.66.41.62:23456', 'dist_backend': 'nccl', 'seed': 0, 'gpu': 0, 'multiprocessing_distributed': False}", "step": null, "ts": 1626916342.6274595}]}, "version": 12}
{"obj": {"type": "LogStrings", "path": ["monitoring", "stdout"], "values": [{"value": "\n", "step": null, "ts": 1626916342.628675}]}, "version": 13}
{"obj": {"type": "AssignInt", "path": ["parameters", "base_max_class"], "value": 10}, "version": 14}
{"obj": {"type": "AssignString", "path": ["parameters", "optimizer"], "value": "SGD"}, "version": 15}
{"obj": {"type": "AssignFloat", "path": ["parameters", "momentum"], "value": 0.9}, "version": 16}
{"obj": {"type": "AssignInt", "path": ["parameters", "seed"], "value": 0}, "version": 17}
{"obj": {"type": "AssignInt", "path": ["parameters", "epochs"], "value": 40}, "version": 18}
{"obj": {"type": "AssignBool", "path": ["parameters", "multiprocessing-distributed"], "value": false}, "version": 19}
{"obj": {"type": "AssignFloat", "path": ["parameters", "model-learning-rate"], "value": 0.1}, "version": 20}
{"obj": {"type": "AssignBool", "path": ["parameters", "center-loss"], "value": true}, "version": 21}
{"obj": {"type": "AssignFloat", "path": ["parameters", "alpa"], "value": 1.0}, "version": 22}
{"obj": {"type": "LogStrings", "path": ["monitoring", "stderr"], "values": [{"value": "train_base_init_network_from_scratch.py:95: UserWarning: You have chosen to seed training. This will turn on the CUDNN deterministic setting, which can slow down your training considerably! You may see unexpected behavior when restarting from checkpoints.\n  warnings.warn('You have chosen to seed training. '\n", "step": null, "ts": 1626916342.6297624}]}, "version": 23}
{"obj": {"type": "LogStrings", "path": ["monitoring", "stderr"], "values": [{"value": "train_base_init_network_from_scratch.py:102: UserWarning: You have chosen a specific GPU. This will completely disable data parallelism.\n  warnings.warn('You have chosen a specific GPU. This will completely '\n", "step": null, "ts": 1626916342.629864}]}, "version": 24}
{"obj": {"type": "LogStrings", "path": ["monitoring", "stdout"], "values": [{"value": "Use GPU: 0 for training", "step": null, "ts": 1626916342.649348}]}, "version": 25}
{"obj": {"type": "LogStrings", "path": ["monitoring", "stdout"], "values": [{"value": "\n", "step": null, "ts": 1626916342.6496499}]}, "version": 26}
{"obj": {"type": "LogStrings", "path": ["monitoring", "stdout"], "values": [{"value": "\nloading the data...", "step": null, "ts": 1626916344.3470287}]}, "version": 27}
{"obj": {"type": "LogStrings", "path": ["monitoring", "stdout"], "values": [{"value": "\n", "step": null, "ts": 1626916344.3471882}]}, "version": 28}
{"obj": {"type": "LogStrings", "path": ["monitoring", "stdout"], "values": [{"value": "len train base-init loader ", "step": null, "ts": 1626916391.1815722}]}, "version": 29}
{"obj": {"type": "LogStrings", "path": ["monitoring", "stdout"], "values": [{"value": " ", "step": null, "ts": 1626916391.1817048}]}, "version": 30}
{"obj": {"type": "LogStrings", "path": ["monitoring", "stdout"], "values": [{"value": "13000", "step": null, "ts": 1626916391.181766}]}, "version": 31}
{"obj": {"type": "LogStrings", "path": ["monitoring", "stdout"], "values": [{"value": "\n", "step": null, "ts": 1626916391.1818247}]}, "version": 32}
{"obj": {"type": "LogStrings", "path": ["monitoring", "stdout"], "values": [{"value": "len val base-init loader ", "step": null, "ts": 1626916392.6245434}]}, "version": 33}
{"obj": {"type": "LogStrings", "path": ["monitoring", "stdout"], "values": [{"value": " ", "step": null, "ts": 1626916392.6246955}]}, "version": 34}
{"obj": {"type": "LogStrings", "path": ["monitoring", "stdout"], "values": [{"value": "500", "step": null, "ts": 1626916392.624809}]}, "version": 35}
{"obj": {"type": "LogStrings", "path": ["monitoring", "stdout"], "values": [{"value": "\n", "step": null, "ts": 1626916392.6249282}]}, "version": 36}
{"obj": {"type": "LogStrings", "path": ["monitoring", "stdout"], "values": [{"value": "\nstarting training...", "step": null, "ts": 1626916392.6250973}]}, "version": 37}
{"obj": {"type": "LogStrings", "path": ["monitoring", "stdout"], "values": [{"value": "\n", "step": null, "ts": 1626916392.6252089}]}, "version": 38}
{"obj": {"type": "LogStrings", "path": ["monitoring", "traceback"], "values": [{"value": "An uncaught exception occurred while run was active on worker robik.", "step": null, "ts": 1626916392.6254878}, {"value": "Making run as failed", "step": null, "ts": 1626916392.6254878}, {"value": "Traceback:", "step": null, "ts": 1626916392.6254878}, {"value": "  File \"train_base_init_network_from_scratch.py\", line 450, in <module>\n    main()\n", "step": null, "ts": 1626916392.6254878}, {"value": "  File \"train_base_init_network_from_scratch.py\", line 120, in main\n    main_worker(args.gpu, ngpus_per_node, args)\n", "step": null, "ts": 1626916392.6254878}, {"value": "  File \"train_base_init_network_from_scratch.py\", line 257, in main_worker\n    adjust_learning_rate_centloss(optimizer_centloss, epoch, lr)\n", "step": null, "ts": 1626916392.6254878}, {"value": "NameError(\"name 'lr' is not defined\")", "step": null, "ts": 1626916392.6254878}]}, "version": 39}
{"obj": {"type": "AssignBool", "path": ["sys", "failed"], "value": true}, "version": 40}
{"obj": {"type": "LogStrings", "path": ["monitoring", "stderr"], "values": [{"value": "Traceback (most recent call last):\n", "step": null, "ts": 1626916392.625755}]}, "version": 41}
{"obj": {"type": "LogStrings", "path": ["monitoring", "stderr"], "values": [{"value": "  File \"train_base_init_network_from_scratch.py\", line 450, in <module>\n", "step": null, "ts": 1626916392.6258702}]}, "version": 42}
{"obj": {"type": "LogStrings", "path": ["monitoring", "stderr"], "values": [{"value": "    ", "step": null, "ts": 1626916392.626154}]}, "version": 43}
{"obj": {"type": "LogStrings", "path": ["monitoring", "stderr"], "values": [{"value": "main()", "step": null, "ts": 1626916392.6262665}]}, "version": 44}
{"obj": {"type": "LogStrings", "path": ["monitoring", "stderr"], "values": [{"value": "\n", "step": null, "ts": 1626916392.62638}]}, "version": 45}
{"obj": {"type": "LogStrings", "path": ["monitoring", "stderr"], "values": [{"value": "  File \"train_base_init_network_from_scratch.py\", line 120, in main\n", "step": null, "ts": 1626916392.6264966}]}, "version": 46}
{"obj": {"type": "LogStrings", "path": ["monitoring", "stderr"], "values": [{"value": "    ", "step": null, "ts": 1626916392.6266885}]}, "version": 47}
{"obj": {"type": "LogStrings", "path": ["monitoring", "stderr"], "values": [{"value": "main_worker(args.gpu, ngpus_per_node, args)", "step": null, "ts": 1626916392.626796}]}, "version": 48}
{"obj": {"type": "LogStrings", "path": ["monitoring", "stderr"], "values": [{"value": "\n", "step": null, "ts": 1626916392.6269076}]}, "version": 49}
{"obj": {"type": "LogStrings", "path": ["monitoring", "stderr"], "values": [{"value": "  File \"train_base_init_network_from_scratch.py\", line 257, in main_worker\n", "step": null, "ts": 1626916392.6270192}]}, "version": 50}
{"obj": {"type": "LogStrings", "path": ["monitoring", "stderr"], "values": [{"value": "    ", "step": null, "ts": 1626916392.6272619}]}, "version": 51}
{"obj": {"type": "LogStrings", "path": ["monitoring", "stderr"], "values": [{"value": "adjust_learning_rate_centloss(optimizer_centloss, epoch, lr)", "step": null, "ts": 1626916392.627378}]}, "version": 52}
{"obj": {"type": "LogStrings", "path": ["monitoring", "stderr"], "values": [{"value": "\n", "step": null, "ts": 1626916392.62749}]}, "version": 53}
{"obj": {"type": "LogStrings", "path": ["monitoring", "stderr"], "values": [{"value": "NameError", "step": null, "ts": 1626916392.6275954}]}, "version": 54}
{"obj": {"type": "LogStrings", "path": ["monitoring", "stderr"], "values": [{"value": ": ", "step": null, "ts": 1626916392.6276948}]}, "version": 55}
{"obj": {"type": "LogStrings", "path": ["monitoring", "stderr"], "values": [{"value": "name 'lr' is not defined", "step": null, "ts": 1626916392.6277957}]}, "version": 56}
{"obj": {"type": "LogStrings", "path": ["monitoring", "stderr"], "values": [{"value": "\n", "step": null, "ts": 1626916392.6279051}]}, "version": 57}
