{"obj": {"type": "AssignString", "path": ["sys", "name"], "value": "Untitled"}, "version": 1}
{"obj": {"type": "AssignString", "path": ["sys", "description"], "value": ""}, "version": 2}
{"obj": {"type": "AssignString", "path": ["sys", "hostname"], "value": "robik"}, "version": 3}
{"obj": {"type": "AssignBool", "path": ["sys", "failed"], "value": false}, "version": 4}
{"obj": {"type": "ClearStringLog", "path": ["monitoring", "stdout"]}, "version": 5}
{"obj": {"type": "ClearStringLog", "path": ["monitoring", "stderr"]}, "version": 6}
{"obj": {"type": "AssignString", "path": ["source_code", "entrypoint"], "value": "train_base_init_network_from_scratch.py"}, "version": 7}
{"obj": {"type": "UploadFileSet", "path": ["source_code", "files"], "file_globs": ["/home/bidur/REMIND/image_classification_experiments/train_base_init_network_from_scratch.py"], "reset": "False"}, "version": 8}
{"obj": {"type": "LogStrings", "path": ["monitoring", "stderr"], "values": [{"value": "psutil is not installed. Hardware metrics will not be collected.\n", "step": null, "ts": 1627232884.1432757}]}, "version": 9}
{"obj": {"type": "LogStrings", "path": ["monitoring", "stdout"], "values": [{"value": "", "step": null, "ts": 1627232884.145349}]}, "version": 10}
{"obj": {"type": "LogStrings", "path": ["monitoring", "stdout"], "values": [{"value": "https://app.neptune.ai/bidur/CenterLoss/e/CEN-17\n", "step": null, "ts": 1627232884.1457746}]}, "version": 11}
{"obj": {"type": "LogStrings", "path": ["monitoring", "stdout"], "values": [{"value": "{'data': '/home/bidur/datasets/ImageNet2012/', 'arch': 'ResNet18_CenterLoss', 'ckpt_file': 'ResNet18ClassifyAfterLayer4_1', 'save_dir': 'resnet_imagenet_ckpts', 'base_max_class': 10, 'alpha': 1.0, 'labels_dir': 'imagenet_files', 'center_loss': True, 'workers': 8, 'epochs': 40, 'start_epoch': 0, 'batch_size': 256, 'lr': 0.1, 'lr_center_loss': 0.5, 'momentum': 0.9, 'weight_decay': 0.0001, 'print_freq': 10, 'resume': '', 'evaluate': False, 'world_size': -1, 'rank': -1, 'dist_url': 'tcp://224.66.41.62:23456', 'dist_backend': 'nccl', 'seed': 0, 'gpu': 0, 'multiprocessing_distributed': False}", "step": null, "ts": 1627232884.146888}]}, "version": 12}
{"obj": {"type": "LogStrings", "path": ["monitoring", "stdout"], "values": [{"value": "\n", "step": null, "ts": 1627232884.1473122}]}, "version": 13}
{"obj": {"type": "AssignInt", "path": ["parameters", "base_max_class"], "value": 10}, "version": 14}
{"obj": {"type": "AssignString", "path": ["parameters", "optimizer"], "value": "SGD"}, "version": 15}
{"obj": {"type": "AssignFloat", "path": ["parameters", "momentum"], "value": 0.9}, "version": 16}
{"obj": {"type": "AssignInt", "path": ["parameters", "seed"], "value": 0}, "version": 17}
{"obj": {"type": "AssignInt", "path": ["parameters", "epochs"], "value": 40}, "version": 18}
{"obj": {"type": "AssignBool", "path": ["parameters", "multiprocessing-distributed"], "value": false}, "version": 19}
{"obj": {"type": "AssignFloat", "path": ["parameters", "model-learning-rate"], "value": 0.1}, "version": 20}
{"obj": {"type": "AssignFloat", "path": ["parameters", "center-loss-learning-rate"], "value": 0.5}, "version": 21}
{"obj": {"type": "AssignBool", "path": ["parameters", "center-loss"], "value": true}, "version": 22}
{"obj": {"type": "AssignFloat", "path": ["parameters", "alpa"], "value": 1.0}, "version": 23}
{"obj": {"type": "LogStrings", "path": ["monitoring", "stderr"], "values": [{"value": "train_base_init_network_from_scratch.py:95: UserWarning: You have chosen to seed training. This will turn on the CUDNN deterministic setting, which can slow down your training considerably! You may see unexpected behavior when restarting from checkpoints.\n  warnings.warn('You have chosen to seed training. '\n", "step": null, "ts": 1627232884.1483128}]}, "version": 24}
{"obj": {"type": "LogStrings", "path": ["monitoring", "stderr"], "values": [{"value": "train_base_init_network_from_scratch.py:102: UserWarning: You have chosen a specific GPU. This will completely disable data parallelism.\n  warnings.warn('You have chosen a specific GPU. This will completely '\n", "step": null, "ts": 1627232884.1484146}]}, "version": 25}
{"obj": {"type": "LogStrings", "path": ["monitoring", "stdout"], "values": [{"value": "Use GPU: 0 for training", "step": null, "ts": 1627232884.1662228}]}, "version": 26}
{"obj": {"type": "LogStrings", "path": ["monitoring", "stdout"], "values": [{"value": "\n", "step": null, "ts": 1627232884.166536}]}, "version": 27}
{"obj": {"type": "LogStrings", "path": ["monitoring", "stdout"], "values": [{"value": "\nloading the data...", "step": null, "ts": 1627232885.9417894}]}, "version": 28}
{"obj": {"type": "LogStrings", "path": ["monitoring", "stdout"], "values": [{"value": "\n", "step": null, "ts": 1627232885.9419549}]}, "version": 29}
{"obj": {"type": "LogStrings", "path": ["monitoring", "stdout"], "values": [{"value": "len train base-init loader ", "step": null, "ts": 1627232888.893988}]}, "version": 30}
{"obj": {"type": "LogStrings", "path": ["monitoring", "stdout"], "values": [{"value": " ", "step": null, "ts": 1627232888.8941107}]}, "version": 31}
{"obj": {"type": "LogStrings", "path": ["monitoring", "stdout"], "values": [{"value": "13000", "step": null, "ts": 1627232888.894172}]}, "version": 32}
{"obj": {"type": "LogStrings", "path": ["monitoring", "stdout"], "values": [{"value": "\n", "step": null, "ts": 1627232888.8942297}]}, "version": 33}
{"obj": {"type": "LogStrings", "path": ["monitoring", "stdout"], "values": [{"value": "len val base-init loader ", "step": null, "ts": 1627232889.0193298}]}, "version": 34}
{"obj": {"type": "LogStrings", "path": ["monitoring", "stdout"], "values": [{"value": " ", "step": null, "ts": 1627232889.019455}]}, "version": 35}
{"obj": {"type": "LogStrings", "path": ["monitoring", "stdout"], "values": [{"value": "500", "step": null, "ts": 1627232889.0195475}]}, "version": 36}
{"obj": {"type": "LogStrings", "path": ["monitoring", "stdout"], "values": [{"value": "\n", "step": null, "ts": 1627232889.019642}]}, "version": 37}
{"obj": {"type": "LogStrings", "path": ["monitoring", "stdout"], "values": [{"value": "\nstarting training...", "step": null, "ts": 1627232889.01978}]}, "version": 38}
{"obj": {"type": "LogStrings", "path": ["monitoring", "stdout"], "values": [{"value": "\n", "step": null, "ts": 1627232889.0198708}]}, "version": 39}
{"obj": {"type": "LogStrings", "path": ["monitoring", "stderr"], "values": [{"value": "/home/bidur/REMIND/image_classification_experiments/center_loss.py:42: UserWarning: This overload of addmm_ is deprecated:\n\taddmm_(Number beta, Number alpha, Tensor mat1, Tensor mat2)\nConsider using one of the following signatures instead:\n\taddmm_(Tensor mat1, Tensor mat2, *, Number beta, Number alpha) (Triggered internally at  /opt/conda/conda-bld/pytorch_1607370117127/work/torch/csrc/utils/python_arg_parser.cpp:882.)\n  distmat.addmm_(1, -2, x, self.centers.t())\n", "step": null, "ts": 1627232893.0924528}]}, "version": 40}
{"obj": {"type": "LogStrings", "path": ["monitoring", "stdout"], "values": [{"value": "tensor(7.0775, device='cuda:0', grad_fn=<AddBackward0>)", "step": null, "ts": 1627232893.0952213}]}, "version": 41}
{"obj": {"type": "LogStrings", "path": ["monitoring", "stdout"], "values": [{"value": "\n", "step": null, "ts": 1627232893.096189}]}, "version": 42}
{"obj": {"type": "LogStrings", "path": ["monitoring", "stdout"], "values": [{"value": "Epoch: [0][0/51]\tTime 5.282 (5.282)\tData 2.639 (2.639)\tLoss 7.0775 (7.0775)\tAcc@1 0.000 (0.000)\tAcc@5 0.000 (0.000)", "step": null, "ts": 1627232894.3202548}]}, "version": 43}
{"obj": {"type": "LogStrings", "path": ["monitoring", "stdout"], "values": [{"value": "\n", "step": null, "ts": 1627232894.320419}]}, "version": 44}
{"obj": {"type": "LogStrings", "path": ["monitoring", "traceback"], "values": [{"value": "An uncaught exception occurred while run was active on worker robik.", "step": null, "ts": 1627232894.3985045}, {"value": "Making run as failed", "step": null, "ts": 1627232894.3985045}, {"value": "Traceback:", "step": null, "ts": 1627232894.3985045}, {"value": "  File \"train_base_init_network_from_scratch.py\", line 461, in <module>\n    main()\n", "step": null, "ts": 1627232894.3985045}, {"value": "  File \"train_base_init_network_from_scratch.py\", line 120, in main\n    main_worker(args.gpu, ngpus_per_node, args)\n", "step": null, "ts": 1627232894.3985045}, {"value": "  File \"train_base_init_network_from_scratch.py\", line 260, in main_worker\n    train(train_loader, model, criterion,  optimizer, epoch, args,center_loss = center_loss , optimizer_centerloss = optimizer_centerloss)\n", "step": null, "ts": 1627232894.3985045}, {"value": "  File \"train_base_init_network_from_scratch.py\", line 345, in train\n    run['train_loss'] = loss.avg\n", "step": null, "ts": 1627232894.3985045}, {"value": "AttributeError(\"'Tensor' object has no attribute 'avg'\")", "step": null, "ts": 1627232894.3985045}]}, "version": 45}
{"obj": {"type": "AssignBool", "path": ["sys", "failed"], "value": true}, "version": 46}
{"obj": {"type": "LogStrings", "path": ["monitoring", "stderr"], "values": [{"value": "Traceback (most recent call last):\n", "step": null, "ts": 1627232894.398728}]}, "version": 47}
{"obj": {"type": "LogStrings", "path": ["monitoring", "stderr"], "values": [{"value": "  File \"train_base_init_network_from_scratch.py\", line 461, in <module>\n", "step": null, "ts": 1627232894.3988209}]}, "version": 48}
{"obj": {"type": "LogStrings", "path": ["monitoring", "stderr"], "values": [{"value": "    ", "step": null, "ts": 1627232894.3990295}]}, "version": 49}
{"obj": {"type": "LogStrings", "path": ["monitoring", "stderr"], "values": [{"value": "main()", "step": null, "ts": 1627232894.3991096}]}, "version": 50}
{"obj": {"type": "LogStrings", "path": ["monitoring", "stderr"], "values": [{"value": "\n", "step": null, "ts": 1627232894.3992007}]}, "version": 51}
{"obj": {"type": "LogStrings", "path": ["monitoring", "stderr"], "values": [{"value": "  File \"train_base_init_network_from_scratch.py\", line 120, in main\n", "step": null, "ts": 1627232894.399293}]}, "version": 52}
{"obj": {"type": "LogStrings", "path": ["monitoring", "stderr"], "values": [{"value": "    ", "step": null, "ts": 1627232894.3994448}]}, "version": 53}
{"obj": {"type": "LogStrings", "path": ["monitoring", "stderr"], "values": [{"value": "main_worker(args.gpu, ngpus_per_node, args)", "step": null, "ts": 1627232894.399535}]}, "version": 54}
{"obj": {"type": "LogStrings", "path": ["monitoring", "stderr"], "values": [{"value": "\n", "step": null, "ts": 1627232894.3996198}]}, "version": 55}
{"obj": {"type": "LogStrings", "path": ["monitoring", "stderr"], "values": [{"value": "  File \"train_base_init_network_from_scratch.py\", line 260, in main_worker\n", "step": null, "ts": 1627232894.3997061}]}, "version": 56}
{"obj": {"type": "LogStrings", "path": ["monitoring", "stderr"], "values": [{"value": "    ", "step": null, "ts": 1627232894.3998473}]}, "version": 57}
{"obj": {"type": "LogStrings", "path": ["monitoring", "stderr"], "values": [{"value": "train(train_loader, model, criterion,  optimizer, epoch, args,center_loss = center_loss , optimizer_centerloss = optimizer_centerloss)", "step": null, "ts": 1627232894.3999057}]}, "version": 58}
{"obj": {"type": "LogStrings", "path": ["monitoring", "stderr"], "values": [{"value": "\n", "step": null, "ts": 1627232894.3999662}]}, "version": 59}
{"obj": {"type": "LogStrings", "path": ["monitoring", "stderr"], "values": [{"value": "  File \"train_base_init_network_from_scratch.py\", line 345, in train\n", "step": null, "ts": 1627232894.4000494}]}, "version": 60}
{"obj": {"type": "LogStrings", "path": ["monitoring", "stderr"], "values": [{"value": "    ", "step": null, "ts": 1627232894.4001946}]}, "version": 61}
{"obj": {"type": "LogStrings", "path": ["monitoring", "stderr"], "values": [{"value": "run['train_loss'] = loss.avg", "step": null, "ts": 1627232894.400248}]}, "version": 62}
{"obj": {"type": "LogStrings", "path": ["monitoring", "stderr"], "values": [{"value": "\n", "step": null, "ts": 1627232894.4003088}]}, "version": 63}
{"obj": {"type": "LogStrings", "path": ["monitoring", "stderr"], "values": [{"value": "AttributeError", "step": null, "ts": 1627232894.4003851}]}, "version": 64}
{"obj": {"type": "LogStrings", "path": ["monitoring", "stderr"], "values": [{"value": ": ", "step": null, "ts": 1627232894.4004347}]}, "version": 65}
{"obj": {"type": "LogStrings", "path": ["monitoring", "stderr"], "values": [{"value": "'Tensor' object has no attribute 'avg'", "step": null, "ts": 1627232894.4004798}]}, "version": 66}
{"obj": {"type": "LogStrings", "path": ["monitoring", "stderr"], "values": [{"value": "\n", "step": null, "ts": 1627232894.4005365}]}, "version": 67}
